Running in Lattice mode


Starting:    C:\lscc\diamond\3.9_x64\synpbase\bin64\mbin\synbatch.exe
Install:     C:\lscc\diamond\3.9_x64\synpbase
Hostname:    DESKTOP-1B4IDNG
Date:        Fri Aug 04 14:27:47 2017
Version:     L-2016.09L-1

Arguments:   -product synplify_pro -batch cs_rev2_cfg_fpga_impl1_synplify.tcl
ProductType: synplify_pro





Technology initialized from device list to: LATTICE-XP

log file: "C:\R_and_D\cs_rev2\CS_CFG_FPGA\impl1\cs_rev2_cfg_fpga_impl1.srr"

Running: impl1 in foreground



Running proj_1|impl1


Running: compile (Compile) on proj_1|impl1
# Fri Aug 04 14:27:47 2017


Running: compile_flow (Compile Process) on proj_1|impl1
# Fri Aug 04 14:27:47 2017


Running: compiler (Compile Input) on proj_1|impl1
# Fri Aug 04 14:27:47 2017

Copied C:\R_and_D\cs_rev2\CS_CFG_FPGA\impl1\synwork\cs_rev2_cfg_fpga_impl1_comp.srs to C:\R_and_D\cs_rev2\CS_CFG_FPGA\impl1\cs_rev2_cfg_fpga_impl1.srs


compiler completed
# Fri Aug 04 14:27:49 2017

Return Code: 0
Run Time:00h:00m:02s


Running: multi_srs_gen (Multi-srs Generator) on proj_1|impl1
# Fri Aug 04 14:27:49 2017


multi_srs_gen completed
# Fri Aug 04 14:27:49 2017

Return Code: 0
Run Time:00h:00m:00s

Copied C:\R_and_D\cs_rev2\CS_CFG_FPGA\impl1\synwork\cs_rev2_cfg_fpga_impl1_mult.srs to C:\R_and_D\cs_rev2\CS_CFG_FPGA\impl1\cs_rev2_cfg_fpga_impl1.srs

Copied C:\R_and_D\cs_rev2\CS_CFG_FPGA\impl1\cs_rev2_cfg_fpga_impl1.srr to C:\R_and_D\cs_rev2\CS_CFG_FPGA\impl1\cs_rev2_cfg_fpga_impl1.srf

Complete: Compile Process on proj_1|impl1


Running: premap (Pre-mapping) on proj_1|impl1
# Fri Aug 04 14:27:49 2017


premap completed with warnings
# Fri Aug 04 14:27:50 2017

Return Code: 1
Run Time:00h:00m:01s

Complete: Compile on proj_1|impl1


Running: map (Map) on proj_1|impl1
# Fri Aug 04 14:27:50 2017

License granted for 4 parallel jobs


Running: fpga_mapper (Map & Optimize) on proj_1|impl1
# Fri Aug 04 14:27:50 2017

Copied C:\R_and_D\cs_rev2\CS_CFG_FPGA\impl1\synwork\cs_rev2_cfg_fpga_impl1_m.srm to C:\R_and_D\cs_rev2\CS_CFG_FPGA\impl1\cs_rev2_cfg_fpga_impl1.srm


fpga_mapper completed with warnings
# Fri Aug 04 14:27:51 2017

Return Code: 1
Run Time:00h:00m:01s

Complete: Map on proj_1|impl1

Copied C:\R_and_D\cs_rev2\CS_CFG_FPGA\impl1\cs_rev2_cfg_fpga_impl1.srr to C:\R_and_D\cs_rev2\CS_CFG_FPGA\impl1\cs_rev2_cfg_fpga_impl1.srf

Complete: Logic Synthesis on proj_1|impl1

TCL script complete: "cs_rev2_cfg_fpga_impl1_synplify.tcl"

exit status=0

exit status=0

Save changes for project:
C:\R_and_D\cs_rev2\CS_CFG_FPGA\impl1\proj_1.prj

batch mode default:no

